<?xml version="1.0" encoding="UTF-8"?>
<!-- Generated by org.testng.reporters.JUnitReportReporter -->
<testsuite hostname="LAPTOP-EBJCUPO7" name="test.TC003_SignIn" tests="1" failures="0" timestamp="27 May 2019 01:50:01 GMT" time="12.240" errors="0">
  <testcase name="SignIn" time="12.240" classname="test.TC003_SignIn"/>
</testsuite> <!-- test.TC003_SignIn -->
