<?xml version="1.0" encoding="UTF-8"?>
<!-- Generated by org.testng.reporters.JUnitReportReporter -->
<testsuite hostname="LAPTOP-EBJCUPO7" name="test.TC001_SearchFunction" tests="1" failures="0" timestamp="27 May 2019 01:30:26 GMT" time="5.152" errors="0">
  <testcase name="SearchInfo" time="5.152" classname="test.TC001_SearchFunction"/>
</testsuite> <!-- test.TC001_SearchFunction -->
