<?xml version="1.0" encoding="UTF-8"?>
<!-- Generated by org.testng.reporters.JUnitReportReporter -->
<testsuite hostname="LAPTOP-EBJCUPO7" name="test.CreateAccount" tests="1" failures="0" timestamp="25 May 2019 22:51:15 GMT" time="72.961" errors="0">
  <testcase name="CreateAccountFunction" time="72.961" classname="test.CreateAccount"/>
</testsuite> <!-- test.CreateAccount -->
