<?xml version="1.0" encoding="UTF-8"?>
<!-- Generated by org.testng.reporters.JUnitReportReporter -->
<testsuite hostname="LAPTOP-EBJCUPO7" name="test.SearchFunction" tests="1" failures="0" timestamp="25 May 2019 21:23:12 GMT" time="5.182" errors="0">
  <testcase name="SearchInfo" time="5.182" classname="test.SearchFunction"/>
</testsuite> <!-- test.SearchFunction -->
